Using pre-set license
Built from '2020.3/staging' branch; Version is '2020.3.13f1 (71691879b7f5) revision 7432472'; Using compiler version '192528614'; Build Type 'Release'
OS: 'Windows 10 Pro; OS build 19043.1165; Version 2009; 64bit' Language: 'en' Physical Memory: 16326 MB
BatchMode: 1, IsHumanControllingUs: 0, StartBugReporterOnCrash: 0, Is64bit: 1, IsPro: 0

 COMMAND LINE ARGUMENTS:
C:\Program Files\Unity\Hub\Editor\2020.3.13f1\Editor\Unity.exe
-adb2
-batchMode
-noUpm
-name
AssetImportWorker0
-projectPath
E:/Unity/Argon Assault
-logFile
Logs/AssetImportWorker0.log
-srvPort
61803
Successfully changed project path to: E:/Unity/Argon Assault
E:/Unity/Argon Assault
Using Asset Import Pipeline V2.
Refreshing native plugins compatible for Editor in 42.96 ms, found 2 plugins.
Preloading 0 native plugins for Editor in 0.00 ms.
Initialize engine version: 2020.3.13f1 (71691879b7f5)
[Subsystems] Discovering subsystems at path C:/Program Files/Unity/Hub/Editor/2020.3.13f1/Editor/Data/Resources/UnitySubsystems
[Subsystems] Discovering subsystems at path E:/Unity/Argon Assault/Assets
GfxDevice: creating device client; threaded=0
Direct3D:
    Version:  Direct3D 11.0 [level 11.1]
    Renderer: NVIDIA GeForce GTX 1070 (ID=0x1b81)
    Vendor:   
    VRAM:     8088 MB
    Driver:   30.0.14.7168
Initialize mono
Mono path[0] = 'C:/Program Files/Unity/Hub/Editor/2020.3.13f1/Editor/Data/Managed'
Mono path[1] = 'C:/Program Files/Unity/Hub/Editor/2020.3.13f1/Editor/Data/MonoBleedingEdge/lib/mono/unityjit'
Mono config path = 'C:/Program Files/Unity/Hub/Editor/2020.3.13f1/Editor/Data/MonoBleedingEdge/etc'
Using monoOptions --debugger-agent=transport=dt_socket,embedding=1,server=y,suspend=n,address=127.0.0.1:56380
Begin MonoManager ReloadAssembly
Registering precompiled unity dll's ...
Register platform support module: C:/Program Files/Unity/Hub/Editor/2020.3.13f1/Editor/Data/PlaybackEngines/WebGLSupport/UnityEditor.WebGL.Extensions.dll
Register platform support module: C:/Program Files/Unity/Hub/Editor/2020.3.13f1/Editor/Data/PlaybackEngines/WindowsStandaloneSupport/UnityEditor.WindowsStandalone.Extensions.dll
Registered in 0.003568 seconds.
Native extension for WindowsStandalone target not found
Native extension for WebGL target not found
Refreshing native plugins compatible for Editor in 36.32 ms, found 2 plugins.
Preloading 0 native plugins for Editor in 0.00 ms.
Mono: successfully reloaded assembly
- Completed reload, in  1.198 seconds
Platform modules already initialized, skipping
Registering precompiled user dll's ...
Registered in 0.004026 seconds.
Begin MonoManager ReloadAssembly
Native extension for WindowsStandalone target not found
Native extension for WebGL target not found
Refreshing native plugins compatible for Editor in 35.15 ms, found 2 plugins.
Preloading 0 native plugins for Editor in 0.00 ms.
Mono: successfully reloaded assembly
- Completed reload, in  1.285 seconds
Platform modules already initialized, skipping
========================================================================
Worker process is ready to serve import requests
Launched and connected shader compiler UnityShaderCompiler.exe after 0.04 seconds
Refreshing native plugins compatible for Editor in 0.71 ms, found 2 plugins.
Preloading 0 native plugins for Editor in 0.00 ms.
Unloading 2052 Unused Serialized files (Serialized files now loaded: 0)
System memory in use before: 187.3 MB.
System memory in use after: 187.1 MB.

Unloading 34 unused Assets to reduce memory usage. Loaded Objects now: 2522.
Total: 4.054100 ms (FindLiveObjects: 0.273700 ms CreateObjectMapping: 0.084300 ms MarkObjects: 3.332500 ms  DeleteObjects: 0.361600 ms)

AssetImportParameters requested are different than current active one (requested -> active):
  custom:framework-win-MediaFoundation: 216162199b28c13a410421893ffa2e32 -> 
  custom:video-decoder-ogg-theora: a1e56fd34408186e4bbccfd4996cb3dc -> 
  custom:container-muxer-webm: aa71ff27fc2769a1b78a27578f13a17b -> 
  custom:container-demuxer-webm: 4f35f7cbe854078d1ac9338744f61a02 -> 
  custom:container-demuxer-ogg: 62fdf1f143b41e24485cea50d1cbac27 -> 
  custom:video-encoder-webm-vp8: eb34c28f22e8b96e1ab97ce403110664 -> 
  custom:video-codec-MediaFoundation-h265: 746d11721c4dcdbdad8f713fa42b33f4 -> 
  custom:video-decoder-webm-vp8: 9c59270c3fd7afecdb556c50c9e8de78 -> 
  custom:audio-decoder-ogg-vorbis: bf7c407c2cedff20999df2af8eb42d56 -> 
  custom:audio-encoder-webm-vorbis: bf7c407c2cedff20999df2af8eb42d56 -> 
========================================================================
Received Import Request.
  path: Assets/Textures/02.tga
  artifactKey: Guid(40795f9f7cad51b44bdb1f59959c6f0b) Importer(815301076,1909f56bfc062723c751e8b465ee728b)
Start importing Assets/Textures/02.tga using Guid(40795f9f7cad51b44bdb1f59959c6f0b) Importer(815301076,1909f56bfc062723c751e8b465ee728b)  -> (artifact id: 'd50745bc4814fb2e5c5138c2a2fa35bc') in 0.094009 seconds 
  Import took 0.098683 seconds .

========================================================================
Received Prepare
Registering precompiled user dll's ...
Registered in 0.004724 seconds.
Begin MonoManager ReloadAssembly
Native extension for WindowsStandalone target not found
Native extension for WebGL target not found
Refreshing native plugins compatible for Editor in 0.45 ms, found 2 plugins.
Preloading 0 native plugins for Editor in 0.00 ms.
Mono: successfully reloaded assembly
- Completed reload, in  1.383 seconds
Platform modules already initialized, skipping
Refreshing native plugins compatible for Editor in 0.48 ms, found 2 plugins.
Preloading 0 native plugins for Editor in 0.00 ms.
Unloading 1970 Unused Serialized files (Serialized files now loaded: 0)
System memory in use before: 179.9 MB.
System memory in use after: 179.8 MB.

Unloading 17 unused Assets to reduce memory usage. Loaded Objects now: 2526.
Total: 2.428900 ms (FindLiveObjects: 0.197200 ms CreateObjectMapping: 0.119900 ms MarkObjects: 1.946300 ms  DeleteObjects: 0.164600 ms)

AssetImportParameters requested are different than current active one (requested -> active):
  custom:framework-win-MediaFoundation: 216162199b28c13a410421893ffa2e32 -> 
  custom:video-decoder-ogg-theora: a1e56fd34408186e4bbccfd4996cb3dc -> 
  custom:container-muxer-webm: aa71ff27fc2769a1b78a27578f13a17b -> 
  custom:container-demuxer-webm: 4f35f7cbe854078d1ac9338744f61a02 -> 
  custom:container-demuxer-ogg: 62fdf1f143b41e24485cea50d1cbac27 -> 
  custom:video-encoder-webm-vp8: eb34c28f22e8b96e1ab97ce403110664 -> 
  custom:video-codec-MediaFoundation-h265: 746d11721c4dcdbdad8f713fa42b33f4 -> 
  custom:video-decoder-webm-vp8: 9c59270c3fd7afecdb556c50c9e8de78 -> 
  custom:audio-decoder-ogg-vorbis: bf7c407c2cedff20999df2af8eb42d56 -> 
  custom:audio-encoder-webm-vorbis: bf7c407c2cedff20999df2af8eb42d56 -> 
========================================================================
Received Import Request.
  Time since last request: 2319.007219 seconds.
  path: Assets/Prefabs/Enemies/StarSparrow8.prefab
  artifactKey: Guid(727805303fd48af4d95afcab6c41e388) Importer(815301076,1909f56bfc062723c751e8b465ee728b)
Start importing Assets/Prefabs/Enemies/StarSparrow8.prefab using Guid(727805303fd48af4d95afcab6c41e388) Importer(815301076,1909f56bfc062723c751e8b465ee728b)  -> (artifact id: 'ab36cc26a1b76b678c17177ddc861e87') in 0.161239 seconds 
  Import took 0.166867 seconds .

========================================================================
Received Import Request.
  Time since last request: 4.246188 seconds.
  path: Assets/Prefabs/Enemies/Bulldog.prefab
  artifactKey: Guid(fd93d94877d4f3142bd3bc2b6394f5d7) Importer(815301076,1909f56bfc062723c751e8b465ee728b)
Start importing Assets/Prefabs/Enemies/Bulldog.prefab using Guid(fd93d94877d4f3142bd3bc2b6394f5d7) Importer(815301076,1909f56bfc062723c751e8b465ee728b)  -> (artifact id: 'be45093eb117f5935b77361f759a26f8') in 0.040235 seconds 
  Import took 0.045991 seconds .

========================================================================
Received Import Request.
  Time since last request: 0.000199 seconds.
  path: Assets/Prefabs/Enemies/StarSparrow16.prefab
  artifactKey: Guid(98dc0fd1d97d50b4da34953fabbb6aaa) Importer(815301076,1909f56bfc062723c751e8b465ee728b)
Start importing Assets/Prefabs/Enemies/StarSparrow16.prefab using Guid(98dc0fd1d97d50b4da34953fabbb6aaa) Importer(815301076,1909f56bfc062723c751e8b465ee728b)  -> (artifact id: '5e3efa9c9a8d63f11cdfb52f29ef58fc') in 0.025413 seconds 
  Import took 0.029782 seconds .

========================================================================
Received Import Request.
  Time since last request: 0.000234 seconds.
  path: Assets/Prefabs/Enemies/StarSparrow19.prefab
  artifactKey: Guid(d0cac183766ff1b4db342073227f77d7) Importer(815301076,1909f56bfc062723c751e8b465ee728b)
Start importing Assets/Prefabs/Enemies/StarSparrow19.prefab using Guid(d0cac183766ff1b4db342073227f77d7) Importer(815301076,1909f56bfc062723c751e8b465ee728b)  -> (artifact id: '33190f29dd7fe23e7a8ac09464a67e7a') in 0.026856 seconds 
  Import took 0.031340 seconds .

========================================================================
Received Import Request.
  Time since last request: 716.274256 seconds.
  path: Assets/Prefabs/Waves/Wave 1.prefab
  artifactKey: Guid(9b3def0f69efab94eb3ccd4b08895818) Importer(815301076,1909f56bfc062723c751e8b465ee728b)
Start importing Assets/Prefabs/Waves/Wave 1.prefab using Guid(9b3def0f69efab94eb3ccd4b08895818) Importer(815301076,1909f56bfc062723c751e8b465ee728b)  -> (artifact id: '9a0d2008a5964f6d9c78d807179cfd2a') in 0.036940 seconds 
  Import took 0.041645 seconds .

========================================================================
Received Import Request.
  Time since last request: 0.000195 seconds.
  path: Assets/Prefabs/Waves/Wave 3.prefab
  artifactKey: Guid(b0d3f71c97a463a439bf47b13d14cd89) Importer(815301076,1909f56bfc062723c751e8b465ee728b)
Start importing Assets/Prefabs/Waves/Wave 3.prefab using Guid(b0d3f71c97a463a439bf47b13d14cd89) Importer(815301076,1909f56bfc062723c751e8b465ee728b)  -> (artifact id: 'dc8dbdf13e211b6c00480314ecf21946') in 0.026793 seconds 
  Import took 0.030804 seconds .

========================================================================
Received Import Request.
  Time since last request: 0.000201 seconds.
  path: Assets/Prefabs/Waves/Wave 2.prefab
  artifactKey: Guid(8dfa649f3f241a8418a0247aa3c95989) Importer(815301076,1909f56bfc062723c751e8b465ee728b)
Start importing Assets/Prefabs/Waves/Wave 2.prefab using Guid(8dfa649f3f241a8418a0247aa3c95989) Importer(815301076,1909f56bfc062723c751e8b465ee728b)  -> (artifact id: 'ede64db31b9674f59d16da992cf48798') in 0.023170 seconds 
  Import took 0.027679 seconds .

========================================================================
Received Prepare
Registering precompiled user dll's ...
Registered in 0.004058 seconds.
Begin MonoManager ReloadAssembly
Native extension for WindowsStandalone target not found
Native extension for WebGL target not found
Refreshing native plugins compatible for Editor in 0.56 ms, found 2 plugins.
Preloading 0 native plugins for Editor in 0.00 ms.
Mono: successfully reloaded assembly
- Completed reload, in  1.288 seconds
Platform modules already initialized, skipping
Refreshing native plugins compatible for Editor in 0.45 ms, found 2 plugins.
Preloading 0 native plugins for Editor in 0.00 ms.
Unloading 1970 Unused Serialized files (Serialized files now loaded: 0)
System memory in use before: 182.9 MB.
System memory in use after: 182.8 MB.

Unloading 17 unused Assets to reduce memory usage. Loaded Objects now: 2534.
Total: 2.240600 ms (FindLiveObjects: 0.170800 ms CreateObjectMapping: 0.069800 ms MarkObjects: 1.839000 ms  DeleteObjects: 0.160100 ms)

AssetImportParameters requested are different than current active one (requested -> active):
  custom:framework-win-MediaFoundation: 216162199b28c13a410421893ffa2e32 -> 
  custom:video-decoder-ogg-theora: a1e56fd34408186e4bbccfd4996cb3dc -> 
  custom:container-muxer-webm: aa71ff27fc2769a1b78a27578f13a17b -> 
  custom:container-demuxer-webm: 4f35f7cbe854078d1ac9338744f61a02 -> 
  custom:container-demuxer-ogg: 62fdf1f143b41e24485cea50d1cbac27 -> 
  custom:video-encoder-webm-vp8: eb34c28f22e8b96e1ab97ce403110664 -> 
  custom:video-codec-MediaFoundation-h265: 746d11721c4dcdbdad8f713fa42b33f4 -> 
  custom:video-decoder-webm-vp8: 9c59270c3fd7afecdb556c50c9e8de78 -> 
  custom:audio-decoder-ogg-vorbis: bf7c407c2cedff20999df2af8eb42d56 -> 
  custom:audio-encoder-webm-vorbis: bf7c407c2cedff20999df2af8eb42d56 -> 
========================================================================
Received Import Request.
  Time since last request: 8.612876 seconds.
  path: Assets/Prefabs/Waves/Wave 3.prefab
  artifactKey: Guid(b0d3f71c97a463a439bf47b13d14cd89) Importer(815301076,1909f56bfc062723c751e8b465ee728b)
Start importing Assets/Prefabs/Waves/Wave 3.prefab using Guid(b0d3f71c97a463a439bf47b13d14cd89) Importer(815301076,1909f56bfc062723c751e8b465ee728b)  -> (artifact id: '210338c538c58e63e2266a6bb1d9eba7') in 0.098934 seconds 
  Import took 0.103067 seconds .

AssetImportWorkerClient::OnTransportError - code=2 error=End of file
